#
# A fatal error has been detected by the Java Runtime Environment:
#
#  EXCEPTION_ACCESS_VIOLATION (0xc0000005) at pc=0x00007ffd4540b1b8, pid=12492, tid=28940
#
# JRE version: OpenJDK Runtime Environment Microsoft-8902769 (17.0.10+7) (build 17.0.10+7-LTS)
# Java VM: OpenJDK 64-Bit Server VM Microsoft-8902769 (17.0.10+7-LTS, mixed mode, sharing, tiered, compressed oops, compressed class ptrs, g1 gc, windows-amd64)
# Problematic frame:
# C  [ntdll.dll+0x5b1b8]
#
# No core dump will be written. Minidumps are not enabled by default on client versions of Windows
#
# If you would like to submit a bug report, please visit:
#   https://github.com/microsoft/openjdk/issues
#

---------------  S U M M A R Y ------------

Command Line: -XX:MaxMetaspaceSize=512m --add-opens=java.base/java.util=ALL-UNNAMED --add-opens=java.base/java.lang=ALL-UNNAMED --add-opens=java.base/java.lang.invoke=ALL-UNNAMED --add-opens=java.prefs/java.util.prefs=ALL-UNNAMED --add-opens=java.base/java.nio.charset=ALL-UNNAMED --add-opens=java.base/java.net=ALL-UNNAMED --add-opens=java.base/java.util.concurrent.atomic=ALL-UNNAMED -Xmx2048m -Dfile.encoding=windows-1252 -Duser.country=EC -Duser.language=es -Duser.variant -javaagent:C:\Users\AppDev\.gradle\wrapper\dists\gradle-8.6-all\3mbtmo166bl6vumsh5k2lkq5h\gradle-8.6\lib\agents\gradle-instrumentation-agent-8.6.jar org.gradle.launcher.daemon.bootstrap.GradleDaemon 8.6

Host: 12th Gen Intel(R) Core(TM) i7-1255U, 12 cores, 15G,  Windows 11 , 64 bit Build 22621 (10.0.22621.3374)
Time: Tue May 14 09:49:59 2024 Hora est. Pacífico, Sudamérica elapsed time: 49.994683 seconds (0d 0h 0m 49s)

---------------  T H R E A D  ---------------

Current thread (0x0000027763788610):  JavaThread "WorkerExecutor Queue Thread 7" [_thread_in_vm, id=28940, stack(0x000000c5a5d00000,0x000000c5a5e00000)]

Stack: [0x000000c5a5d00000,0x000000c5a5e00000],  sp=0x000000c5a5dfae10,  free space=1003k
Native frames: (J=compiled Java code, j=interpreted, Vv=VM code, C=native code)
C  [ntdll.dll+0x5b1b8]
V  [jvm.dll+0x225d9a]
V  [jvm.dll+0x227408]
V  [jvm.dll+0x226fd4]
V  [jvm.dll+0x2270bd]
V  [jvm.dll+0x2161e8]
V  [jvm.dll+0x21663f]
V  [jvm.dll+0x386079]
V  [jvm.dll+0x385e7d]
C